<?xml version="1.0" encoding="UTF-8"?>
<testng-results ignored="0" total="1" passed="1" failed="0" skipped="0">
  <reporter-output>
  </reporter-output>
  <suite started-at="2024-02-11T20:07:10 IST" name="Default suite" finished-at="2024-02-11T20:07:21 IST" duration-ms="11326">
    <groups>
    </groups>
    <test started-at="2024-02-11T20:07:10 IST" name="Default test" finished-at="2024-02-11T20:07:21 IST" duration-ms="11326">
      <class name="utilitie.ListenersDemo_Reports">
        <test-method is-config="true" signature="setUp()[pri:0, instance:utilitie.ListenersDemo_Reports@43bc63a3]" started-at="2024-02-11T20:07:09 IST" name="setUp" finished-at="2024-02-11T20:07:10 IST" duration-ms="168" status="PASS">
          <reporter-output>
          </reporter-output>
        </test-method> <!-- setUp -->
        <test-method is-config="true" signature="setup()[pri:0, instance:utilitie.ListenersDemo_Reports@43bc63a3]" started-at="2024-02-11T20:07:10 IST" name="setup" finished-at="2024-02-11T20:07:15 IST" duration-ms="5855" status="PASS">
          <reporter-output>
          </reporter-output>
        </test-method> <!-- setup -->
        <test-method signature="LoginFailTest()[pri:0, instance:utilitie.ListenersDemo_Reports@43bc63a3]" started-at="2024-02-11T20:07:15 IST" name="LoginFailTest" finished-at="2024-02-11T20:07:21 IST" duration-ms="5217" status="PASS">
          <reporter-output>
          </reporter-output>
        </test-method> <!-- LoginFailTest -->
        <test-method is-config="true" signature="tearDown()[pri:0, instance:utilitie.ListenersDemo_Reports@43bc63a3]" started-at="2024-02-11T20:07:21 IST" name="tearDown" finished-at="2024-02-11T20:07:21 IST" duration-ms="219" status="PASS">
          <reporter-output>
          </reporter-output>
        </test-method> <!-- tearDown -->
        <test-method is-config="true" signature="tearDownSuite()[pri:0, instance:utilitie.ListenersDemo_Reports@43bc63a3]" started-at="2024-02-11T20:07:21 IST" name="tearDownSuite" finished-at="2024-02-11T20:07:21 IST" duration-ms="421" status="PASS">
          <reporter-output>
          </reporter-output>
        </test-method> <!-- tearDownSuite -->
      </class> <!-- utilitie.ListenersDemo_Reports -->
    </test> <!-- Default test -->
  </suite> <!-- Default suite -->
</testng-results>
